<?xml version="1.0" encoding="UTF-8"?>
<testsuite name="com.fiap.friendsecret.FriendSecretApplicationTests" tests="1" skipped="0" failures="0" errors="0" timestamp="2019-11-19T18:52:54" hostname="NOTE-RODRIGO" time="0.229">
  <properties/>
  <testcase name="contextLoads()" classname="com.fiap.friendsecret.FriendSecretApplicationTests" time="0.229"/>
  <system-out><![CDATA[16:52:52.953 [Test worker] DEBUG org.springframework.test.context.BootstrapUtils - Instantiating CacheAwareContextLoaderDelegate from class [org.springframework.test.context.cache.DefaultCacheAwareContextLoaderDelegate]
16:52:52.972 [Test worker] DEBUG org.springframework.test.context.BootstrapUtils - Instantiating BootstrapContext using constructor [public org.springframework.test.context.support.DefaultBootstrapContext(java.lang.Class,org.springframework.test.context.CacheAwareContextLoaderDelegate)]
16:52:53.003 [Test worker] DEBUG org.springframework.test.context.BootstrapUtils - Instantiating TestContextBootstrapper for test class [com.fiap.friendsecret.FriendSecretApplicationTests] from class [org.springframework.boot.test.context.SpringBootTestContextBootstrapper]
16:52:53.019 [Test worker] INFO org.springframework.boot.test.context.SpringBootTestContextBootstrapper - Neither @ContextConfiguration nor @ContextHierarchy found for test class [com.fiap.friendsecret.FriendSecretApplicationTests], using SpringBootContextLoader
16:52:53.023 [Test worker] DEBUG org.springframework.test.context.support.AbstractContextLoader - Did not detect default resource location for test class [com.fiap.friendsecret.FriendSecretApplicationTests]: class path resource [com/fiap/friendsecret/FriendSecretApplicationTests-context.xml] does not exist
16:52:53.023 [Test worker] DEBUG org.springframework.test.context.support.AbstractContextLoader - Did not detect default resource location for test class [com.fiap.friendsecret.FriendSecretApplicationTests]: class path resource [com/fiap/friendsecret/FriendSecretApplicationTestsContext.groovy] does not exist
16:52:53.024 [Test worker] INFO org.springframework.test.context.support.AbstractContextLoader - Could not detect default resource locations for test class [com.fiap.friendsecret.FriendSecretApplicationTests]: no resource found for suffixes {-context.xml, Context.groovy}.
16:52:53.025 [Test worker] INFO org.springframework.test.context.support.AnnotationConfigContextLoaderUtils - Could not detect default configuration classes for test class [com.fiap.friendsecret.FriendSecretApplicationTests]: FriendSecretApplicationTests does not declare any static, non-private, non-final, nested classes annotated with @Configuration.
16:52:53.061 [Test worker] DEBUG org.springframework.test.context.support.ActiveProfilesUtils - Could not find an 'annotation declaring class' for annotation type [org.springframework.test.context.ActiveProfiles] and class [com.fiap.friendsecret.FriendSecretApplicationTests]
16:52:53.146 [Test worker] DEBUG org.springframework.context.annotation.ClassPathScanningCandidateComponentProvider - Identified candidate component class: file [C:\Users\softon\workspace-fiap\secret-friend\build\classes\java\main\com\fiap\friendsecret\FriendSecretApplication.class]
16:52:53.148 [Test worker] INFO org.springframework.boot.test.context.SpringBootTestContextBootstrapper - Found @SpringBootConfiguration com.fiap.friendsecret.FriendSecretApplication for test class com.fiap.friendsecret.FriendSecretApplicationTests
16:52:53.266 [Test worker] DEBUG org.springframework.boot.test.context.SpringBootTestContextBootstrapper - @TestExecutionListeners is not present for class [com.fiap.friendsecret.FriendSecretApplicationTests]: using defaults.
16:52:53.267 [Test worker] INFO org.springframework.boot.test.context.SpringBootTestContextBootstrapper - Loaded default TestExecutionListener class names from location [META-INF/spring.factories]: [org.springframework.boot.test.autoconfigure.restdocs.RestDocsTestExecutionListener, org.springframework.boot.test.autoconfigure.web.client.MockRestServiceServerResetTestExecutionListener, org.springframework.boot.test.autoconfigure.web.servlet.MockMvcPrintOnlyOnFailureTestExecutionListener, org.springframework.boot.test.autoconfigure.web.servlet.WebDriverTestExecutionListener, org.springframework.boot.test.mock.mockito.MockitoTestExecutionListener, org.springframework.boot.test.mock.mockito.ResetMocksTestExecutionListener, org.springframework.test.context.web.ServletTestExecutionListener, org.springframework.test.context.support.DirtiesContextBeforeModesTestExecutionListener, org.springframework.test.context.support.DependencyInjectionTestExecutionListener, org.springframework.test.context.support.DirtiesContextTestExecutionListener, org.springframework.test.context.transaction.TransactionalTestExecutionListener, org.springframework.test.context.jdbc.SqlScriptsTestExecutionListener, org.springframework.test.context.event.EventPublishingTestExecutionListener]
16:52:53.278 [Test worker] DEBUG org.springframework.boot.test.context.SpringBootTestContextBootstrapper - Skipping candidate TestExecutionListener [org.springframework.test.context.web.ServletTestExecutionListener] due to a missing dependency. Specify custom listener classes or make the default listener classes and their required dependencies available. Offending class: [javax/servlet/ServletContext]
16:52:53.280 [Test worker] DEBUG org.springframework.boot.test.context.SpringBootTestContextBootstrapper - Skipping candidate TestExecutionListener [org.springframework.test.context.transaction.TransactionalTestExecutionListener] due to a missing dependency. Specify custom listener classes or make the default listener classes and their required dependencies available. Offending class: [org/springframework/transaction/interceptor/TransactionAttributeSource]
16:52:53.281 [Test worker] DEBUG org.springframework.boot.test.context.SpringBootTestContextBootstrapper - Skipping candidate TestExecutionListener [org.springframework.test.context.jdbc.SqlScriptsTestExecutionListener] due to a missing dependency. Specify custom listener classes or make the default listener classes and their required dependencies available. Offending class: [org/springframework/transaction/interceptor/TransactionAttribute]
16:52:53.282 [Test worker] INFO org.springframework.boot.test.context.SpringBootTestContextBootstrapper - Using TestExecutionListeners: [org.springframework.test.context.support.DirtiesContextBeforeModesTestExecutionListener@4e97d714, org.springframework.boot.test.mock.mockito.MockitoTestExecutionListener@5183078e, org.springframework.boot.test.autoconfigure.SpringBootDependencyInjectionTestExecutionListener@432b615a, org.springframework.test.context.support.DirtiesContextTestExecutionListener@277242d6, org.springframework.test.context.event.EventPublishingTestExecutionListener@57ad1e5b, org.springframework.boot.test.autoconfigure.restdocs.RestDocsTestExecutionListener@1e5bcc57, org.springframework.boot.test.autoconfigure.web.client.MockRestServiceServerResetTestExecutionListener@6e24f77, org.springframework.boot.test.autoconfigure.web.servlet.MockMvcPrintOnlyOnFailureTestExecutionListener@3333d98f, org.springframework.boot.test.autoconfigure.web.servlet.WebDriverTestExecutionListener@cd35674, org.springframework.boot.test.mock.mockito.ResetMocksTestExecutionListener@4caa1acd]
16:52:53.289 [Test worker] DEBUG org.springframework.test.context.support.AbstractDirtiesContextTestExecutionListener - Before test class: context [DefaultTestContext@3fdb7991 testClass = FriendSecretApplicationTests, testInstance = [null], testMethod = [null], testException = [null], mergedContextConfiguration = [MergedContextConfiguration@49c4681d testClass = FriendSecretApplicationTests, locations = '{}', classes = '{class com.fiap.friendsecret.FriendSecretApplication}', contextInitializerClasses = '[]', activeProfiles = '{}', propertySourceLocations = '{}', propertySourceProperties = '{org.springframework.boot.test.context.SpringBootTestContextBootstrapper=true}', contextCustomizers = set[org.springframework.boot.test.autoconfigure.properties.PropertyMappingContextCustomizer@0, org.springframework.boot.test.autoconfigure.web.servlet.WebDriverContextCustomizerFactory$Customizer@30495205, org.springframework.boot.test.context.filter.ExcludeFilterContextCustomizer@3ce111c3, org.springframework.boot.test.json.DuplicateJsonObjectContextCustomizerFactory$DuplicateJsonObjectContextCustomizer@5c0c192f, org.springframework.boot.test.mock.mockito.MockitoContextCustomizer@0, org.springframework.boot.test.web.client.TestRestTemplateContextCustomizer@6c4e7b64], contextLoader = 'org.springframework.boot.test.context.SpringBootContextLoader', parent = [null]], attributes = map[[empty]]], class annotated with @DirtiesContext [false] with mode [null].
16:52:53.302 [Test worker] DEBUG org.springframework.test.context.support.DependencyInjectionTestExecutionListener - Performing dependency injection for test context [[DefaultTestContext@3fdb7991 testClass = FriendSecretApplicationTests, testInstance = com.fiap.friendsecret.FriendSecretApplicationTests@45629236, testMethod = [null], testException = [null], mergedContextConfiguration = [MergedContextConfiguration@49c4681d testClass = FriendSecretApplicationTests, locations = '{}', classes = '{class com.fiap.friendsecret.FriendSecretApplication}', contextInitializerClasses = '[]', activeProfiles = '{}', propertySourceLocations = '{}', propertySourceProperties = '{org.springframework.boot.test.context.SpringBootTestContextBootstrapper=true}', contextCustomizers = set[org.springframework.boot.test.autoconfigure.properties.PropertyMappingContextCustomizer@0, org.springframework.boot.test.autoconfigure.web.servlet.WebDriverContextCustomizerFactory$Customizer@30495205, org.springframework.boot.test.context.filter.ExcludeFilterContextCustomizer@3ce111c3, org.springframework.boot.test.json.DuplicateJsonObjectContextCustomizerFactory$DuplicateJsonObjectContextCustomizer@5c0c192f, org.springframework.boot.test.mock.mockito.MockitoContextCustomizer@0, org.springframework.boot.test.web.client.TestRestTemplateContextCustomizer@6c4e7b64], contextLoader = 'org.springframework.boot.test.context.SpringBootContextLoader', parent = [null]], attributes = map[[empty]]]].
16:52:53.330 [Test worker] DEBUG org.springframework.test.context.support.TestPropertySourceUtils - Adding inlined properties to environment: {spring.jmx.enabled=false, org.springframework.boot.test.context.SpringBootTestContextBootstrapper=true, server.port=-1}

  .   ____          _            __ _ _
 /\\ / ___'_ __ _ _(_)_ __  __ _ \ \ \ \
( ( )\___ | '_ | '_| | '_ \/ _` | \ \ \ \
 \\/  ___)| |_)| | | | | || (_| |  ) ) ) )
  '  |____| .__|_| |_|_| |_\__, | / / / /
 =========|_|==============|___/=/_/_/_/
 :: Spring Boot ::        (v2.2.1.RELEASE)

2019-11-19 16:52:53.582  INFO 17736 --- [    Test worker] c.f.f.FriendSecretApplicationTests       : Starting FriendSecretApplicationTests on NOTE-RODRIGO with PID 17736 (started by softon in C:\Users\softon\workspace-fiap\secret-friend)
2019-11-19 16:52:53.584  INFO 17736 --- [    Test worker] c.f.f.FriendSecretApplicationTests       : No active profile set, falling back to default profiles: default
2019-11-19 16:52:54.781  INFO 17736 --- [    Test worker] o.s.s.c.ThreadPoolTaskScheduler          : Initializing ExecutorService 'taskScheduler'
2019-11-19 16:52:54.800  INFO 17736 --- [    Test worker] c.f.f.FriendSecretApplicationTests       : Started FriendSecretApplicationTests in 1.467 seconds (JVM running for 2.937)
]]></system-out>
  <system-err><![CDATA[]]></system-err>
</testsuite>
